2017-01-26 21:10:08,082 - INFO - bangumi.py - 67 - Can't find [幼女战记][04]'s resourse
2017-01-26 21:10:08,082 - INFO - bangumi.py - 226 - 幼女战记 update over, the leatest is 3
2017-01-26 21:10:08,187 - INFO - bangumi.py - 67 - Can't find [人渣的本愿][03]'s resourse
2017-01-26 21:10:08,187 - INFO - bangumi.py - 226 - 人渣的本愿 update over, the leatest is 2
2017-01-26 21:10:08,241 - INFO - bangumi.py - 67 - Can't find [亚人酱有话要说][04]'s resourse
2017-01-26 21:10:08,241 - INFO - bangumi.py - 226 - 亚人酱有话要说 update over, the leatest is 3
2017-01-26 21:10:08,520 - INFO - bangumi.py - 67 - Can't find [情热传说][17]'s resourse
2017-01-26 21:10:08,521 - INFO - bangumi.py - 226 - 情热传说 update over, the leatest is 16
2017-01-26 21:10:08,611 - INFO - bangumi.py - 67 - Can't find [为美好的世界献上祝福！第二季][04]'s resourse
2017-01-26 21:10:08,611 - INFO - bangumi.py - 226 - 为美好的世界献上祝福！第二季 update over, the leatest is 3
2017-01-26 21:10:08,916 - INFO - bangumi.py - 67 - Can't find [小魔女学园][04]'s resourse
2017-01-26 21:10:08,916 - INFO - bangumi.py - 226 - 小魔女学园 update over, the leatest is 3
2017-01-26 21:10:09,285 - INFO - bangumi.py - 67 - Can't find [3月的狮子][15]'s resourse
2017-01-26 21:10:09,285 - INFO - bangumi.py - 226 - 3月的狮子 update over, the leatest is 14
2017-01-26 21:10:10,017 - INFO - bangumi.py - 67 - Can't find [小林家的龙女仆][03]'s resourse
2017-01-26 21:10:10,017 - INFO - bangumi.py - 226 - 小林家的龙女仆 update over, the leatest is 2
2017-01-26 21:10:13,726 - INFO - bangumi.py - 67 - Can't find [Urara迷路帖][04]'s resourse
2017-01-26 21:10:13,726 - INFO - bangumi.py - 226 - Urara迷路帖 update over, the leatest is 3
2017-01-26 21:10:55,245 - INFO - bangumi.py - 67 - Can't find [亚人酱有话要说][04]'s resourse
2017-01-26 21:10:55,303 - INFO - bangumi.py - 67 - Can't find [3月的狮子][15]'s resourse
2017-01-26 21:10:55,312 - INFO - bangumi.py - 226 - 亚人酱有话要说 update over, the leatest is 3
2017-01-26 21:10:55,362 - INFO - bangumi.py - 67 - Can't find [情热传说][17]'s resourse
2017-01-26 21:10:55,362 - INFO - bangumi.py - 226 - 3月的狮子 update over, the leatest is 14
2017-01-26 21:10:55,363 - INFO - bangumi.py - 226 - 情热传说 update over, the leatest is 16
2017-01-26 21:10:55,559 - INFO - bangumi.py - 67 - Can't find [小魔女学园][04]'s resourse
2017-01-26 21:10:55,559 - INFO - bangumi.py - 226 - 小魔女学园 update over, the leatest is 3
2017-01-26 21:10:55,980 - INFO - bangumi.py - 67 - Can't find [幼女战记][04]'s resourse
2017-01-26 21:10:55,981 - INFO - bangumi.py - 226 - 幼女战记 update over, the leatest is 3
2017-01-26 21:10:56,182 - INFO - bangumi.py - 67 - Can't find [小林家的龙女仆][03]'s resourse
2017-01-26 21:10:56,182 - INFO - bangumi.py - 226 - 小林家的龙女仆 update over, the leatest is 2
2017-01-26 21:10:56,244 - INFO - bangumi.py - 67 - Can't find [Urara迷路帖][04]'s resourse
2017-01-26 21:10:56,244 - INFO - bangumi.py - 226 - Urara迷路帖 update over, the leatest is 3
2017-01-26 21:10:56,370 - INFO - bangumi.py - 67 - Can't find [为美好的世界献上祝福！第二季][04]'s resourse
2017-01-26 21:10:56,371 - INFO - bangumi.py - 226 - 为美好的世界献上祝福！第二季 update over, the leatest is 3
2017-01-26 21:10:57,839 - INFO - bangumi.py - 67 - Can't find [人渣的本愿][03]'s resourse
2017-01-26 21:10:57,839 - INFO - bangumi.py - 226 - 人渣的本愿 update over, the leatest is 2
2017-01-26 21:16:49,287 - INFO - bangumi.py - 67 - Can't find [幼女战记][04]'s resourse
2017-01-26 21:16:49,329 - INFO - bangumi.py - 64 - Find a url [http://www.kisssub.org/show-e87cb80de9896c8cf7cbb8b4c907b40d9eee2fd4.html], which include [【动漫国字幕组】★01月新番[OneRoom][03][简体][MP4]]
2017-01-26 21:16:49,329 - INFO - bangumi.py - 226 - [幼女战记] update over, the leatest is 3
2017-01-26 21:16:49,334 - INFO - bangumi.py - 67 - Can't find [小林家的龙女仆][03]'s resourse
2017-01-26 21:16:49,371 - INFO - bangumi.py - 64 - Find a url [http://www.kisssub.org/show-0c93a368ef0cb912f8d4ffc2c67924a85431df6d.html], which include [【动漫国字幕组】★01月新番[废天使加百列][03][简体][MP4]]
2017-01-26 21:16:49,387 - INFO - bangumi.py - 226 - [小林家的龙女仆] update over, the leatest is 2
2017-01-26 21:16:49,420 - INFO - bangumi.py - 67 - Can't find [小魔女学园][04]'s resourse
2017-01-26 21:16:49,470 - INFO - bangumi.py - 67 - Can't find [3月的狮子][15]'s resourse
2017-01-26 21:16:49,470 - INFO - bangumi.py - 226 - [小魔女学园] update over, the leatest is 3
2017-01-26 21:16:49,470 - INFO - bangumi.py - 226 - [3月的狮子] update over, the leatest is 14
2017-01-26 21:16:49,935 - INFO - bangumi.py - 67 - Can't find [情热传说][17]'s resourse
2017-01-26 21:16:49,935 - INFO - bangumi.py - 226 - [情热传说] update over, the leatest is 16
2017-01-26 21:16:50,002 - INFO - bangumi.py - 67 - Can't find [人渣的本愿][03]'s resourse
2017-01-26 21:16:50,002 - INFO - bangumi.py - 226 - [人渣的本愿] update over, the leatest is 2
2017-01-26 21:16:50,118 - INFO - bangumi.py - 67 - Can't find [Urara迷路帖][04]'s resourse
2017-01-26 21:16:50,118 - INFO - bangumi.py - 226 - [Urara迷路帖] update over, the leatest is 3
2017-01-26 21:16:50,135 - INFO - bangumi.py - 64 - Find a url [http://www.kisssub.org/show-6f5b9429b9b03341f14d4e38b640d578114ac9ab.html], which include [【悠哈璃羽字幕社】[UHA-Wings][NyankoDays猫咪日常][01][GB][720P]]
2017-01-26 21:16:50,435 - INFO - bangumi.py - 67 - Can't find [为美好的世界献上祝福！第二季][04]'s resourse
2017-01-26 21:16:50,435 - INFO - bangumi.py - 226 - [为美好的世界献上祝福！第二季] update over, the leatest is 3
2017-01-26 21:16:50,435 - INFO - bangumi.py - 89 - [废天使加百列][01] update success
2017-01-26 21:16:51,335 - INFO - bangumi.py - 89 - [猫咪日常][01] update success
2017-01-26 21:16:51,518 - INFO - bangumi.py - 67 - Can't find [亚人酱有话要说][04]'s resourse
2017-01-26 21:16:51,518 - INFO - bangumi.py - 226 - [亚人酱有话要说] update over, the leatest is 3
2017-01-26 21:16:52,035 - INFO - bangumi.py - 89 - [One room][01] update success
2017-01-26 21:16:52,636 - INFO - bangumi.py - 64 - Find a url [http://www.kisssub.org/show-ad10d91d3b7924487d0e6052b27d525416a74f13.html], which include [【极影字幕社】★1月新番废天使加百列02GB720PMP4]
2017-01-26 21:16:53,036 - INFO - bangumi.py - 64 - Find a url [http://www.kisssub.org/show-fa67fda10dd0b57ce08541169c9adbaadc7522d0.html], which include [【悠哈璃羽字幕社】[UHA-Wings][NyankoDays猫咪日常][02][GB][720P]]
2017-01-26 21:16:53,062 - INFO - bangumi.py - 64 - Find a url [http://www.kisssub.org/show-4a550b472ab980093c061e9d10bb3d7540d705fe.html], which include [【流字幕M&TSDM字幕M】[One_Room][02][1080P][GB简体][VP9_Profiles2]]
2017-01-26 21:16:53,501 - INFO - bangumi.py - 89 - [废天使加百列][02] update success
2017-01-26 21:16:54,417 - INFO - bangumi.py - 64 - Find a url [http://www.kisssub.org/show-d1398a47f16006327f5d1a9c508de86523c82a15.html], which include [【极影字幕社】★1月新番废天使加百列03GB720PMP4]
2017-01-26 21:16:55,003 - INFO - bangumi.py - 89 - [One room][02] update success
2017-01-26 21:16:55,238 - INFO - bangumi.py - 89 - [废天使加百列][03] update success
2017-01-26 21:16:56,416 - INFO - bangumi.py - 64 - Find a url [http://www.kisssub.org/show-8ea566a88f0796a547640e7ea3f06c227e1f8f40.html], which include [【流字幕M&TSDM字幕M】[One_Room][03][1080P][GB简体][HEVC_Main10]附道歉声明]
2017-01-26 21:16:56,731 - INFO - bangumi.py - 89 - [猫咪日常][02] update success
2017-01-26 21:16:57,592 - INFO - bangumi.py - 64 - Find a url [http://www.kisssub.org/show-be4ea5eccae9d427c3a77c4077710dd43106640b.html], which include [【悠哈璃羽字幕社】[UHA-Wings][NyankoDays猫咪日常][03][GB][720P]]
2017-01-26 21:16:58,333 - INFO - bangumi.py - 89 - [One room][03] update success
2017-01-26 21:16:59,873 - INFO - bangumi.py - 67 - Can't find [One room][04]'s resourse
2017-01-26 21:16:59,873 - INFO - bangumi.py - 226 - [One room] update over, the leatest is 3
2017-01-26 21:17:01,286 - INFO - bangumi.py - 67 - Can't find [废天使加百列][04]'s resourse
2017-01-26 21:17:01,286 - INFO - bangumi.py - 226 - [废天使加百列] update over, the leatest is 3
2017-01-26 21:17:04,253 - INFO - bangumi.py - 89 - [猫咪日常][03] update success
2017-01-26 21:17:04,960 - INFO - bangumi.py - 67 - Can't find [猫咪日常][04]'s resourse
2017-01-26 21:17:04,960 - INFO - bangumi.py - 226 - [猫咪日常] update over, the leatest is 3
2017-01-26 21:21:48,264 - INFO - bangumi.py - 67 - Can't find [亚人酱有话要说][04]'s resourse
2017-01-26 21:21:48,265 - INFO - bangumi.py - 226 - [亚人酱有话要说] update over, the leatest is 3
2017-01-26 21:21:48,374 - INFO - bangumi.py - 67 - Can't find [小魔女学园][04]'s resourse
2017-01-26 21:21:48,374 - INFO - bangumi.py - 226 - [小魔女学园] update over, the leatest is 3
2017-01-26 21:21:48,604 - INFO - bangumi.py - 67 - Can't find [情热传说][17]'s resourse
2017-01-26 21:21:48,604 - INFO - bangumi.py - 226 - [情热传说] update over, the leatest is 16
2017-01-26 21:21:48,666 - INFO - bangumi.py - 67 - Can't find [One room][04]'s resourse
2017-01-26 21:21:48,666 - INFO - bangumi.py - 226 - [One room] update over, the leatest is 3
2017-01-26 21:21:48,719 - INFO - bangumi.py - 67 - Can't find [3月的狮子][15]'s resourse
2017-01-26 21:21:48,719 - INFO - bangumi.py - 226 - [3月的狮子] update over, the leatest is 14
2017-01-26 21:21:48,820 - INFO - bangumi.py - 67 - Can't find [Urara迷路帖][04]'s resourse
2017-01-26 21:21:48,820 - INFO - bangumi.py - 226 - [Urara迷路帖] update over, the leatest is 3
2017-01-26 21:21:49,004 - INFO - bangumi.py - 67 - Can't find [废天使加百列][04]'s resourse
2017-01-26 21:21:49,004 - INFO - bangumi.py - 226 - [废天使加百列] update over, the leatest is 3
2017-01-26 21:21:49,036 - INFO - bangumi.py - 67 - Can't find [幼女战记][04]'s resourse
2017-01-26 21:21:49,036 - INFO - bangumi.py - 226 - [幼女战记] update over, the leatest is 3
2017-01-26 21:21:49,204 - INFO - bangumi.py - 67 - Can't find [猫咪日常][04]'s resourse
2017-01-26 21:21:49,204 - INFO - bangumi.py - 226 - [猫咪日常] update over, the leatest is 3
2017-01-26 21:21:49,335 - INFO - bangumi.py - 67 - Can't find [为美好的世界献上祝福！第二季][04]'s resourse
2017-01-26 21:21:49,335 - INFO - bangumi.py - 226 - [为美好的世界献上祝福！第二季] update over, the leatest is 3
2017-01-26 21:21:49,556 - INFO - bangumi.py - 67 - Can't find [小林家的龙女仆][03]'s resourse
2017-01-26 21:21:49,556 - INFO - bangumi.py - 226 - [小林家的龙女仆] update over, the leatest is 2
2017-01-26 21:21:51,764 - INFO - bangumi.py - 67 - Can't find [人渣的本愿][03]'s resourse
2017-01-26 21:21:51,764 - INFO - bangumi.py - 226 - [人渣的本愿] update over, the leatest is 2
2017-01-26 21:22:05,833 - INFO - mail.py - 81 - Send a mail to 542326526@qq.com, which include [废天使加百列][01]
2017-01-26 21:22:05,833 - INFO - mail.py - 81 - Send a mail to 542326526@qq.com, which include [废天使加百列][02]
2017-01-26 21:22:05,833 - INFO - mail.py - 81 - Send a mail to 542326526@qq.com, which include [废天使加百列][03]
2017-01-26 21:22:05,833 - INFO - mail.py - 81 - Send a mail to 542326526@qq.com, which include [猫咪日常][01]
2017-01-26 21:22:05,833 - INFO - mail.py - 81 - Send a mail to 542326526@qq.com, which include [猫咪日常][02]
2017-01-26 21:22:05,833 - INFO - mail.py - 81 - Send a mail to 542326526@qq.com, which include [猫咪日常][03]
2017-01-26 21:22:05,833 - INFO - mail.py - 81 - Send a mail to 542326526@qq.com, which include [One room][01]
2017-01-26 21:22:05,833 - INFO - mail.py - 81 - Send a mail to 542326526@qq.com, which include [One room][02]
2017-01-26 21:22:05,833 - INFO - mail.py - 81 - Send a mail to 542326526@qq.com, which include [One room][03]
2017-01-26 21:22:18,267 - INFO - mail.py - 81 - Send a mail to 2311956389@qq.com, which include [废天使加百列][01]
2017-01-26 21:22:18,267 - INFO - mail.py - 81 - Send a mail to 2311956389@qq.com, which include [废天使加百列][02]
2017-01-26 21:22:18,267 - INFO - mail.py - 81 - Send a mail to 2311956389@qq.com, which include [废天使加百列][03]
2017-01-26 21:22:18,283 - INFO - mail.py - 81 - Send a mail to 2311956389@qq.com, which include [猫咪日常][01]
2017-01-26 21:22:18,284 - INFO - mail.py - 81 - Send a mail to 2311956389@qq.com, which include [猫咪日常][02]
2017-01-26 21:22:18,284 - INFO - mail.py - 81 - Send a mail to 2311956389@qq.com, which include [猫咪日常][03]
2017-01-26 21:22:18,284 - INFO - mail.py - 81 - Send a mail to 2311956389@qq.com, which include [One room][01]
2017-01-26 21:22:18,285 - INFO - mail.py - 81 - Send a mail to 2311956389@qq.com, which include [One room][02]
2017-01-26 21:22:18,285 - INFO - mail.py - 81 - Send a mail to 2311956389@qq.com, which include [One room][03]
2017-01-26 21:28:33,960 - INFO - bangumi.py - 67 - Can't find [猫咪日常][04]'s resourse
2017-01-26 21:28:33,960 - INFO - bangumi.py - 227 - [猫咪日常] update over, the leatest is 3
2017-01-26 21:28:34,091 - INFO - bangumi.py - 67 - Can't find [为美好的世界献上祝福！第二季][04]'s resourse
2017-01-26 21:28:34,091 - INFO - bangumi.py - 227 - [为美好的世界献上祝福！第二季] update over, the leatest is 3
2017-01-26 21:28:34,328 - INFO - bangumi.py - 67 - Can't find [Urara迷路帖][04]'s resourse
2017-01-26 21:28:34,344 - INFO - bangumi.py - 227 - [Urara迷路帖] update over, the leatest is 3
2017-01-26 21:28:34,375 - INFO - bangumi.py - 67 - Can't find [小魔女学园][04]'s resourse
2017-01-26 21:28:34,391 - INFO - bangumi.py - 227 - [小魔女学园] update over, the leatest is 3
2017-01-26 21:28:34,444 - INFO - bangumi.py - 67 - Can't find [小林家的龙女仆][03]'s resourse
2017-01-26 21:28:34,460 - INFO - bangumi.py - 67 - Can't find [亚人酱有话要说][04]'s resourse
2017-01-26 21:28:34,507 - INFO - bangumi.py - 227 - [小林家的龙女仆] update over, the leatest is 2
2017-01-26 21:28:34,560 - INFO - bangumi.py - 67 - Can't find [3月的狮子][15]'s resourse
2017-01-26 21:28:34,560 - INFO - bangumi.py - 67 - Can't find [One room][04]'s resourse
2017-01-26 21:28:34,560 - INFO - bangumi.py - 227 - [亚人酱有话要说] update over, the leatest is 3
2017-01-26 21:28:34,560 - INFO - bangumi.py - 227 - [3月的狮子] update over, the leatest is 14
2017-01-26 21:28:34,560 - INFO - bangumi.py - 227 - [One room] update over, the leatest is 3
2017-01-26 21:28:35,076 - INFO - bangumi.py - 67 - Can't find [废天使加百列][04]'s resourse
2017-01-26 21:28:35,076 - INFO - bangumi.py - 227 - [废天使加百列] update over, the leatest is 3
2017-01-26 21:28:35,214 - INFO - bangumi.py - 67 - Can't find [幼女战记][04]'s resourse
2017-01-26 21:28:35,214 - INFO - bangumi.py - 227 - [幼女战记] update over, the leatest is 3
2017-01-26 21:28:35,292 - INFO - bangumi.py - 67 - Can't find [情热传说][17]'s resourse
2017-01-26 21:28:35,292 - INFO - bangumi.py - 227 - [情热传说] update over, the leatest is 16
2017-01-26 21:28:35,530 - INFO - bangumi.py - 67 - Can't find [人渣的本愿][03]'s resourse
2017-01-26 21:28:35,530 - INFO - bangumi.py - 227 - [人渣的本愿] update over, the leatest is 2
2017-01-26 21:28:49,686 - INFO - mail.py - 81 - Send a mail to 542326526@qq.com, which include [幼女战记][01]
2017-01-26 21:28:49,686 - INFO - mail.py - 81 - Send a mail to 542326526@qq.com, which include [幼女战记][02]
2017-01-26 21:28:49,686 - INFO - mail.py - 81 - Send a mail to 542326526@qq.com, which include [幼女战记][03]
2017-01-26 21:28:49,686 - INFO - mail.py - 81 - Send a mail to 542326526@qq.com, which include [人渣的本愿][01]
2017-01-26 21:28:49,686 - INFO - mail.py - 81 - Send a mail to 542326526@qq.com, which include [人渣的本愿][02]
2017-01-26 21:28:49,686 - INFO - mail.py - 81 - Send a mail to 542326526@qq.com, which include [亚人酱有话要说][01]
2017-01-26 21:28:49,686 - INFO - mail.py - 81 - Send a mail to 542326526@qq.com, which include [亚人酱有话要说][02]
2017-01-26 21:28:49,686 - INFO - mail.py - 81 - Send a mail to 542326526@qq.com, which include [亚人酱有话要说][03]
2017-01-26 21:28:49,686 - INFO - mail.py - 81 - Send a mail to 542326526@qq.com, which include [小林家的龙女仆][01]
2017-01-26 21:28:49,686 - INFO - mail.py - 81 - Send a mail to 542326526@qq.com, which include [小林家的龙女仆][02]
2017-01-26 21:28:49,686 - INFO - mail.py - 81 - Send a mail to 542326526@qq.com, which include [为美好的世界献上祝福！第二季][01]
2017-01-26 21:28:49,686 - INFO - mail.py - 81 - Send a mail to 542326526@qq.com, which include [为美好的世界献上祝福！第二季][02]
2017-01-26 21:28:49,686 - INFO - mail.py - 81 - Send a mail to 542326526@qq.com, which include [为美好的世界献上祝福！第二季][03]
2017-01-26 21:28:49,686 - INFO - mail.py - 81 - Send a mail to 542326526@qq.com, which include [Urara迷路帖][01]
2017-01-26 21:28:49,686 - INFO - mail.py - 81 - Send a mail to 542326526@qq.com, which include [Urara迷路帖][02]
2017-01-26 21:28:49,686 - INFO - mail.py - 81 - Send a mail to 542326526@qq.com, which include [Urara迷路帖][03]
2017-01-26 21:28:49,686 - INFO - mail.py - 81 - Send a mail to 542326526@qq.com, which include [废天使加百列][01]
2017-01-26 21:28:49,686 - INFO - mail.py - 81 - Send a mail to 542326526@qq.com, which include [废天使加百列][02]
2017-01-26 21:28:49,686 - INFO - mail.py - 81 - Send a mail to 542326526@qq.com, which include [废天使加百列][03]
2017-01-26 21:28:49,686 - INFO - mail.py - 81 - Send a mail to 542326526@qq.com, which include [猫咪日常][01]
2017-01-26 21:28:49,686 - INFO - mail.py - 81 - Send a mail to 542326526@qq.com, which include [猫咪日常][02]
2017-01-26 21:28:49,686 - INFO - mail.py - 81 - Send a mail to 542326526@qq.com, which include [猫咪日常][03]
2017-01-26 21:28:49,686 - INFO - mail.py - 81 - Send a mail to 542326526@qq.com, which include [One room][01]
2017-01-26 21:28:49,686 - INFO - mail.py - 81 - Send a mail to 542326526@qq.com, which include [One room][02]
2017-01-26 21:28:49,686 - INFO - mail.py - 81 - Send a mail to 542326526@qq.com, which include [One room][03]
2017-01-26 21:29:02,194 - INFO - mail.py - 81 - Send a mail to 2311956389@qq.com, which include [幼女战记][01]
2017-01-26 21:29:02,194 - INFO - mail.py - 81 - Send a mail to 2311956389@qq.com, which include [幼女战记][02]
2017-01-26 21:29:02,194 - INFO - mail.py - 81 - Send a mail to 2311956389@qq.com, which include [幼女战记][03]
2017-01-26 21:29:02,194 - INFO - mail.py - 81 - Send a mail to 2311956389@qq.com, which include [人渣的本愿][01]
2017-01-26 21:29:02,209 - INFO - mail.py - 81 - Send a mail to 2311956389@qq.com, which include [人渣的本愿][02]
2017-01-26 21:29:02,209 - INFO - mail.py - 81 - Send a mail to 2311956389@qq.com, which include [亚人酱有话要说][01]
2017-01-26 21:29:02,209 - INFO - mail.py - 81 - Send a mail to 2311956389@qq.com, which include [亚人酱有话要说][02]
2017-01-26 21:29:02,209 - INFO - mail.py - 81 - Send a mail to 2311956389@qq.com, which include [亚人酱有话要说][03]
2017-01-26 21:29:02,209 - INFO - mail.py - 81 - Send a mail to 2311956389@qq.com, which include [小林家的龙女仆][01]
2017-01-26 21:29:02,209 - INFO - mail.py - 81 - Send a mail to 2311956389@qq.com, which include [小林家的龙女仆][02]
2017-01-26 21:29:02,209 - INFO - mail.py - 81 - Send a mail to 2311956389@qq.com, which include [为美好的世界献上祝福！第二季][01]
2017-01-26 21:29:02,209 - INFO - mail.py - 81 - Send a mail to 2311956389@qq.com, which include [为美好的世界献上祝福！第二季][02]
2017-01-26 21:29:02,209 - INFO - mail.py - 81 - Send a mail to 2311956389@qq.com, which include [为美好的世界献上祝福！第二季][03]
2017-01-26 21:29:02,209 - INFO - mail.py - 81 - Send a mail to 2311956389@qq.com, which include [Urara迷路帖][01]
2017-01-26 21:29:02,209 - INFO - mail.py - 81 - Send a mail to 2311956389@qq.com, which include [Urara迷路帖][02]
2017-01-26 21:29:02,209 - INFO - mail.py - 81 - Send a mail to 2311956389@qq.com, which include [Urara迷路帖][03]
2017-01-26 21:29:02,209 - INFO - mail.py - 81 - Send a mail to 2311956389@qq.com, which include [废天使加百列][01]
2017-01-26 21:29:02,209 - INFO - mail.py - 81 - Send a mail to 2311956389@qq.com, which include [废天使加百列][02]
2017-01-26 21:29:02,209 - INFO - mail.py - 81 - Send a mail to 2311956389@qq.com, which include [废天使加百列][03]
2017-01-26 21:29:02,209 - INFO - mail.py - 81 - Send a mail to 2311956389@qq.com, which include [猫咪日常][01]
2017-01-26 21:29:02,209 - INFO - mail.py - 81 - Send a mail to 2311956389@qq.com, which include [猫咪日常][02]
2017-01-26 21:29:02,209 - INFO - mail.py - 81 - Send a mail to 2311956389@qq.com, which include [猫咪日常][03]
2017-01-26 21:29:02,209 - INFO - mail.py - 81 - Send a mail to 2311956389@qq.com, which include [One room][01]
2017-01-26 21:29:02,209 - INFO - mail.py - 81 - Send a mail to 2311956389@qq.com, which include [One room][02]
2017-01-26 21:29:02,209 - INFO - mail.py - 81 - Send a mail to 2311956389@qq.com, which include [One room][03]
